2023/09/02 02:59:40 Connected to database
2023/09/02 03:00:03 User logged in successfully
2023/09/02 03:00:03 logged in - handler
2023/09/02 03:00:07 Books retrieved successfully
2023/09/02 03:00:07 searched books - handler
2023/09/02 03:00:18 Book added to cart successfully
2023/09/02 03:00:18 added to cart - handler
2023/09/02 03:00:22 Recommendations fetched successfully
2023/09/02 03:00:22 Book already bought jbalbeck9
2023/09/02 03:00:28 Cart items retrieved successfully
2023/09/02 03:00:28 viewed cart - handler
2023/09/02 03:00:33 Book deleted from cart successfully, if present
2023/09/02 03:00:33 deleted from cart - handler
2023/09/02 03:00:37 Recommendations fetched successfully
2023/09/02 03:00:37 Books bought successfully, if present in cart
2023/09/02 03:00:45 Owned books retrieved successfully
2023/09/02 03:00:45 viewed owned books - handler
2023/09/02 03:01:05 Review added successfully
2023/09/02 03:01:05 gave review - handler
2023/09/02 03:01:07 A review by the same user for the same book already exists
2023/09/02 03:01:22 User trying to login is admin: false
2023/09/02 03:01:33 logged out - handler
2023/09/02 13:05:22 Connected to database
2023/09/02 13:05:25 User logged in successfully
2023/09/02 13:05:25 logged in - handler
2023/09/02 13:06:26 Connected to database
2023/09/02 13:54:39 Error: dial tcp: lookup db: no such host
2023/09/02 13:54:39 Wrong password crypto/bcrypt: hashedSecret too short to be a bcrypted password
2023/09/02 13:55:28 Error: pq: SSL is not enabled on the server
2023/09/02 13:55:28 Wrong password crypto/bcrypt: hashedSecret too short to be a bcrypted password
2023/09/02 13:55:29 Error: pq: SSL is not enabled on the server
2023/09/02 13:55:29 Wrong password crypto/bcrypt: hashedSecret too short to be a bcrypted password
2023/09/02 13:57:36 Error: pq: SSL is not enabled on the server
2023/09/02 13:57:36 Wrong password crypto/bcrypt: hashedSecret too short to be a bcrypted password
2023/09/02 13:57:37 Error: pq: SSL is not enabled on the server
2023/09/02 13:57:37 Wrong password crypto/bcrypt: hashedSecret too short to be a bcrypted password
2023/09/02 13:57:46 Error: pq: SSL is not enabled on the server
2023/09/02 13:57:46 Wrong password crypto/bcrypt: hashedSecret too short to be a bcrypted password
2023/09/02 13:59:35 Error: pq: unsupported sslmode "off"; only "require" (default), "verify-full", "verify-ca", and "disable" supported
2023/09/02 13:59:35 Wrong password crypto/bcrypt: hashedSecret too short to be a bcrypted password
2023/09/02 14:00:02 User logged in successfully
2023/09/02 14:00:02 logged in - handler
2023/09/02 14:00:18 Book added to cart successfully
2023/09/02 14:00:18 added to cart - handler
2023/09/02 14:00:25 logged out - handler
2023/09/02 15:00:15 User logged in successfully
2023/09/02 15:00:15 logged in - handler
2023/09/02 15:00:22 Wrong password crypto/bcrypt: hashedPassword is not the hash of the given password
2023/09/02 15:00:24 User logged in successfully
2023/09/02 15:00:24 logged in - handler
2023/09/02 15:00:42 User logged in successfully
2023/09/02 15:00:42 logged in - handler
2023/09/02 15:00:52 Cart items retrieved successfully
2023/09/02 15:00:52 viewed cart - handler
2023/09/02 15:01:02 Book deleted from cart successfully, if present
2023/09/02 15:01:02 deleted from cart - handler
2023/09/02 15:01:08 Book deleted from cart successfully, if present
2023/09/02 15:01:08 deleted from cart - handler
2023/09/02 15:01:11 Cart items retrieved successfully
2023/09/02 15:01:11 viewed cart - handler
