2023/09/01 19:54:16 Connected to database
2023/09/01 20:12:20 Connected to database
2023/09/01 20:12:22 User logged in successfully
2023/09/01 20:12:43 User already exists
2023/09/01 20:13:00 Book jbalbeck9 is already bought
2023/09/01 20:14:00 User logged in successfully
2023/09/01 20:19:49 Connected to database
2023/09/01 20:19:54 User logged in successfully
2023/09/01 20:21:42 Connected to database
2023/09/01 20:27:02 Connected to database
2023/09/01 20:27:20 Book added to cart successfully
2023/09/01 20:27:24 Book already boughtjbalbeck9
2023/09/01 20:27:24 Book jbalbeck9 is already bought
2023/09/01 21:07:32 Connected to database
2023/09/01 21:07:36 User logged in successfully
2023/09/01 21:07:36 logged in - handler
2023/09/01 21:07:47 Book deleted from cart successfully, if present
2023/09/01 21:07:47 deleted from cart - handler
2023/09/01 21:07:53 Book added to cart successfully
2023/09/01 21:07:53 added to cart - handler
2023/09/01 21:07:57 Recommendations fetched successfully
2023/09/01 21:07:57 Book already bought jbalbeck9
2023/09/01 21:41:27 Connected to database
2023/09/01 21:41:31 User logged in successfully
2023/09/01 21:41:31 logged in - handler
2023/09/01 21:41:33 User already exists
2023/09/01 21:41:51 Books retrieved successfully
2023/09/01 21:41:51 searched books - handler
2023/09/01 21:41:56 Books retrieved successfully
2023/09/01 21:41:56 searched books - handler
